Arguments: 
  /home/moathal/.nvm/versions/node/v18.17.0/bin/node /usr/share/yarn/bin/yarn.js add esbuild

PATH: 
  /home/moathal/.rbenv/versions/3.1.3/lib/ruby/gems/3.1.0/bin:/home/moathal/.rbenv/versions/3.1.3/bin:/home/moathal/.rbenv/libexec:/home/moathal/.rbenv/plugins/ruby-build/bin:/home/moathal/.nvm/versions/node/v18.17.0/bin:/home/moathal/.rbenv/shims:/home/moathal/.rbenv/bin:/home/moathal/.vscode-server/bin/31c37ee8f63491495ac49e43b8544550fbae4533/bin/remote-cli:/usr/local/sbin:/usr/local/bin:/usr/sbin:/usr/bin:/sbin:/bin:/usr/games:/usr/local/games:/usr/lib/wsl/lib:/mnt/c/Program Files/PostgreSQL/15/bin:/mnt/c/nodejs/:/mnt/c/Ruby31-x64/bin:/mnt/c/Users/Mo'athal/AppData/Local/Microsoft/WindowsApps:/mnt/c/Users/Mo'athal/AppData/Local/Programs/Microsoft VS Code/bin:/mnt/c/Users/Mo'athal/AppData/Roaming/nvm:/mnt/c/Program Files/nodejs:/mnt/c/Users/Mo'athal/AppData/Local/JetBrains/Toolbox/scripts:/mnt/c/Users/Mo'athal/AppData/Roaming/npm

Yarn version: 
  1.22.19

Node version: 
  18.17.0

Platform: 
  linux x64

Trace: 
  Error: getaddrinfo EAI_AGAIN registry.yarnpkg.com
      at GetAddrInfoReqWrap.onlookup [as oncomplete] (node:dns:108:26)

npm manifest: 
  {
    "name": "app",
    "private": true
  }

yarn manifest: 
  No manifest

Lockfile: 
  No lockfile
